
=== Tue Mar  4 16:31:20 2025

Packages were changed.
Update Mode: updateDependencies

The following packages were added:
  com.unity.modules.accessibility@1.0.0
  com.unity.multiplayer.center@1.0.0
The following packages were removed:
  com.unity.textmeshpro@3.0.9

=== Tue Mar  4 23:41:36 2025

Packages were changed.
Update Mode: updateDependencies

The following packages were removed:
  com.unity.textmeshpro@3.0.9

=== Wed Mar  5 12:41:42 2025

Packages were changed.
Update Mode: updateDependencies

The following packages were removed:
  com.unity.textmeshpro@3.0.9

=== Thu Mar  6 20:10:04 2025

Packages were changed.
Update Mode: updateDependencies

The following packages were removed:
  com.unity.textmeshpro@3.0.9
